markopiApp/markopiApp/build/app/intermediates/manifest_merge_blame_file/debug/manifest-merger-blame-debug-report.txt
1<?xml version="1.0" encoding="utf-8"?>
2<manifest xmlns:android="http://schemas.android.com/apk/res/android"
3    package="com.william.Markopi"
4    android:versionCode="5"
5    android:versionName="1.0.3" >
6
7    <uses-sdk
8        android:minSdkVersion="21"
9        android:targetSdkVersion="34" />
10    <!--
11         The INTERNET permission is required for development. Specifically,
12         the Flutter tool needs it to communicate with the running application
13         to allow setting breakpoints, to provide hot reload, etc.
14    -->
15    <uses-permission android:name="android.permission.INTERNET" />
15-->src\main\AndroidManifest.xml:5:5-66
15-->src\main\AndroidManifest.xml:5:22-64
16    <uses-permission android:name="android.permission.READ_EXTERNAL_STORAGE" />
16-->src\main\AndroidManifest.xml:6:5-79
16-->src\main\AndroidManifest.xml:6:22-77
17    <uses-permission android:name="android.permission.WRITE_EXTERNAL_STORAGE" />
17-->src\main\AndroidManifest.xml:7:5-80
17-->src\main\AndroidManifest.xml:7:22-78
18
19    <queries>
19-->[:flutter_inappwebview] AndroidManifest.xml:9:5-13:15
20        <intent>
20-->[:flutter_inappwebview] AndroidManifest.xml:10:9-12:18
21            <action android:name="android.support.customtabs.action.CustomTabsService" />
21-->[:flutter_inappwebview] AndroidManifest.xml:11:13-90
21-->[:flutter_inappwebview] AndroidManifest.xml:11:21-87
22        </intent>
23        <intent>
23-->[:file_picker] AndroidManifest.xml:12:9-16:18
24            <action android:name="android.intent.action.GET_CONTENT" />
24-->[:file_picker] AndroidManifest.xml:13:13-72
24-->[:file_picker] AndroidManifest.xml:13:21-69
25
26            <data android:mimeType="*/*" />
26-->[:file_picker] AndroidManifest.xml:15:13-44
26-->[:file_picker] AndroidManifest.xml:15:19-41
27        </intent>
28    </queries>
29
30    <permission
30-->[androidx.core:core:1.10.1] AndroidManifest.xml:22:5-24:47
31        android:name="com.william.Markopi.DYNAMIC_RECEIVER_NOT_EXPORTED_PERMISSION"
31-->[androidx.core:core:1.10.1] AndroidManifest.xml:23:9-81
32        android:protectionLevel="signature" />
32-->[androidx.core:core:1.10.1] AndroidManifest.xml:24:9-44
33
34    <uses-permission android:name="com.william.Markopi.DYNAMIC_RECEIVER_NOT_EXPORTED_PERMISSION" /> <!-- Izin yang diperlukan oleh aplikasi -->
34-->[androidx.core:core:1.10.1] AndroidManifest.xml:26:5-97
34-->[androidx.core:core:1.10.1] AndroidManifest.xml:26:22-94
35    <application
36        android:name="android.app.Application"
37        android:appComponentFactory="androidx.core.app.CoreComponentFactory"
37-->[androidx.core:core:1.10.1] AndroidManifest.xml:28:18-86
38        android:debuggable="true"
39        android:enableOnBackInvokedCallback="true"
40        android:icon="@mipmap/ic_launcher"
41        android:label="MARKOPI" >
42
43        <!-- Definisi aktivitas utama -->
44        <activity
45            android:name="com.Markopi.MainActivity"
46            android:configChanges="orientation|keyboardHidden|keyboard|screenSize|smallestScreenSize|locale|layoutDirection|fontScale|screenLayout|density|uiMode"
47            android:exported="true"
48            android:hardwareAccelerated="true"
49            android:launchMode="singleTop"
50            android:theme="@style/LaunchTheme"
51            android:windowSoftInputMode="adjustResize" >
52
53            <!-- Penyesuaian lainnya -->
54
55            <meta-data
56                android:name="io.flutter.embedding.android.NormalTheme"
57                android:resource="@style/NormalTheme" />
58
59            <intent-filter>
60                <action android:name="android.intent.action.MAIN" />
61
62                <category android:name="android.intent.category.LAUNCHER" />
63            </intent-filter>
64        </activity>
65
66        <!-- Elemen yang diperlukan oleh Flutter -->
67        <meta-data
68            android:name="flutterEmbedding"
69            android:value="2" />
70
71        <activity
71-->[:flutter_inappwebview] AndroidManifest.xml:16:9-20:47
72            android:name="com.pichillilorenzo.flutter_inappwebview.in_app_browser.InAppBrowserActivity"
72-->[:flutter_inappwebview] AndroidManifest.xml:17:13-104
73            android:configChanges="orientation|keyboardHidden|keyboard|screenSize|locale|layoutDirection|fontScale|screenLayout|density"
73-->[:flutter_inappwebview] AndroidManifest.xml:18:13-137
74            android:exported="false"
74-->[:flutter_inappwebview] AndroidManifest.xml:19:13-37
75            android:theme="@style/AppTheme" />
75-->[:flutter_inappwebview] AndroidManifest.xml:20:13-44
76        <activity
76-->[:flutter_inappwebview] AndroidManifest.xml:21:9-24:55
77            android:name="com.pichillilorenzo.flutter_inappwebview.chrome_custom_tabs.ChromeCustomTabsActivity"
77-->[:flutter_inappwebview] AndroidManifest.xml:22:13-112
78            android:exported="false"
78-->[:flutter_inappwebview] AndroidManifest.xml:23:13-37
79            android:theme="@style/ThemeTransparent" />
79-->[:flutter_inappwebview] AndroidManifest.xml:24:13-52
80        <activity
80-->[:flutter_inappwebview] AndroidManifest.xml:25:9-28:55
81            android:name="com.pichillilorenzo.flutter_inappwebview.chrome_custom_tabs.TrustedWebActivity"
81-->[:flutter_inappwebview] AndroidManifest.xml:26:13-106
82            android:exported="false"
82-->[:flutter_inappwebview] AndroidManifest.xml:27:13-37
83            android:theme="@style/ThemeTransparent" />
83-->[:flutter_inappwebview] AndroidManifest.xml:28:13-52
84        <activity
84-->[:flutter_inappwebview] AndroidManifest.xml:29:9-33:55
85            android:name="com.pichillilorenzo.flutter_inappwebview.chrome_custom_tabs.ChromeCustomTabsActivitySingleInstance"
85-->[:flutter_inappwebview] AndroidManifest.xml:30:13-126
86            android:exported="false"
86-->[:flutter_inappwebview] AndroidManifest.xml:31:13-37
87            android:launchMode="singleInstance"
87-->[:flutter_inappwebview] AndroidManifest.xml:32:13-48
88            android:theme="@style/ThemeTransparent" />
88-->[:flutter_inappwebview] AndroidManifest.xml:33:13-52
89        <activity
89-->[:flutter_inappwebview] AndroidManifest.xml:34:9-38:55
90            android:name="com.pichillilorenzo.flutter_inappwebview.chrome_custom_tabs.TrustedWebActivitySingleInstance"
90-->[:flutter_inappwebview] AndroidManifest.xml:35:13-120
91            android:exported="false"
91-->[:flutter_inappwebview] AndroidManifest.xml:36:13-37
92            android:launchMode="singleInstance"
92-->[:flutter_inappwebview] AndroidManifest.xml:37:13-48
93            android:theme="@style/ThemeTransparent" />
93-->[:flutter_inappwebview] AndroidManifest.xml:38:13-52
94
95        <receiver
95-->[:flutter_inappwebview] AndroidManifest.xml:40:9-43:40
96            android:name="com.pichillilorenzo.flutter_inappwebview.chrome_custom_tabs.ActionBroadcastReceiver"
96-->[:flutter_inappwebview] AndroidManifest.xml:41:13-111
97            android:enabled="true"
97-->[:flutter_inappwebview] AndroidManifest.xml:42:13-35
98            android:exported="false" />
98-->[:flutter_inappwebview] AndroidManifest.xml:43:13-37
99
100        <meta-data
100-->[:flutter_inappwebview] AndroidManifest.xml:45:9-47:36
101            android:name="io.flutter.embedded_views_preview"
101-->[:flutter_inappwebview] AndroidManifest.xml:46:13-61
102            android:value="true" />
102-->[:flutter_inappwebview] AndroidManifest.xml:47:13-33
103
104        <provider
104-->[:image_picker_android] AndroidManifest.xml:10:9-18:20
105            android:name="io.flutter.plugins.imagepicker.ImagePickerFileProvider"
105-->[:image_picker_android] AndroidManifest.xml:11:13-82
106            android:authorities="com.william.Markopi.flutter.image_provider"
106-->[:image_picker_android] AndroidManifest.xml:12:13-74
107            android:exported="false"
107-->[:image_picker_android] AndroidManifest.xml:13:13-37
108            android:grantUriPermissions="true" >
108-->[:image_picker_android] AndroidManifest.xml:14:13-47
109            <meta-data
109-->[:image_picker_android] AndroidManifest.xml:15:13-17:75
110                android:name="android.support.FILE_PROVIDER_PATHS"
110-->[:image_picker_android] AndroidManifest.xml:16:17-67
111                android:resource="@xml/flutter_image_picker_file_paths" />
111-->[:image_picker_android] AndroidManifest.xml:17:17-72
112        </provider>
113
114        <activity
114-->[:url_launcher_android] AndroidManifest.xml:10:9-13:74
115            android:name="io.flutter.plugins.urllauncher.WebViewActivity"
115-->[:url_launcher_android] AndroidManifest.xml:11:13-74
116            android:exported="false"
116-->[:url_launcher_android] AndroidManifest.xml:12:13-37
117            android:theme="@android:style/Theme.NoTitleBar.Fullscreen" />
117-->[:url_launcher_android] AndroidManifest.xml:13:13-71
118
119        <provider
119-->[androidx.emoji2:emoji2:1.2.0] AndroidManifest.xml:24:9-32:20
120            android:name="androidx.startup.InitializationProvider"
120-->[androidx.emoji2:emoji2:1.2.0] AndroidManifest.xml:25:13-67
121            android:authorities="com.william.Markopi.androidx-startup"
121-->[androidx.emoji2:emoji2:1.2.0] AndroidManifest.xml:26:13-68
122            android:exported="false" >
122-->[androidx.emoji2:emoji2:1.2.0] AndroidManifest.xml:27:13-37
123            <meta-data
123-->[androidx.emoji2:emoji2:1.2.0] AndroidManifest.xml:29:13-31:52
124                android:name="androidx.emoji2.text.EmojiCompatInitializer"
124-->[androidx.emoji2:emoji2:1.2.0] AndroidManifest.xml:30:17-75
125                android:value="androidx.startup" />
125-->[androidx.emoji2:emoji2:1.2.0] AndroidManifest.xml:31:17-49
126            <meta-data
126-->[androidx.lifecycle:lifecycle-process:2.6.1] AndroidManifest.xml:29:13-31:52
127                android:name="androidx.lifecycle.ProcessLifecycleInitializer"
127-->[androidx.lifecycle:lifecycle-process:2.6.1] AndroidManifest.xml:30:17-78
128                android:value="androidx.startup" />
128-->[androidx.lifecycle:lifecycle-process:2.6.1] AndroidManifest.xml:31:17-49
129            <meta-data
129-->[androidx.profileinstaller:profileinstaller:1.3.0] AndroidManifest.xml:29:13-31:52
130                android:name="androidx.profileinstaller.ProfileInstallerInitializer"
130-->[androidx.profileinstaller:profileinstaller:1.3.0] AndroidManifest.xml:30:17-85
131                android:value="androidx.startup" />
131-->[androidx.profileinstaller:profileinstaller:1.3.0] AndroidManifest.xml:31:17-49
132        </provider>
133
134        <uses-library
134-->[androidx.window:window:1.0.0-beta04] AndroidManifest.xml:25:9-27:40
135            android:name="androidx.window.extensions"
135-->[androidx.window:window:1.0.0-beta04] AndroidManifest.xml:26:13-54
136            android:required="false" />
136-->[androidx.window:window:1.0.0-beta04] AndroidManifest.xml:27:13-37
137        <uses-library
137-->[androidx.window:window:1.0.0-beta04] AndroidManifest.xml:28:9-30:40
138            android:name="androidx.window.sidecar"
138-->[androidx.window:window:1.0.0-beta04] AndroidManifest.xml:29:13-51
139            android:required="false" />
139-->[androidx.window:window:1.0.0-beta04] AndroidManifest.xml:30:13-37
140
141        <receiver
141-->[androidx.profileinstaller:profileinstaller:1.3.0] AndroidManifest.xml:34:9-52:20
142            android:name="androidx.profileinstaller.ProfileInstallReceiver"
142-->[androidx.profileinstaller:profileinstaller:1.3.0] AndroidManifest.xml:35:13-76
143            android:directBootAware="false"
143-->[androidx.profileinstaller:profileinstaller:1.3.0] AndroidManifest.xml:36:13-44
144            android:enabled="true"
144-->[androidx.profileinstaller:profileinstaller:1.3.0] AndroidManifest.xml:37:13-35
145            android:exported="true"
145-->[androidx.profileinstaller:profileinstaller:1.3.0] AndroidManifest.xml:38:13-36
146            android:permission="android.permission.DUMP" >
146-->[androidx.profileinstaller:profileinstaller:1.3.0] AndroidManifest.xml:39:13-57
147            <intent-filter>
147-->[androidx.profileinstaller:profileinstaller:1.3.0] AndroidManifest.xml:40:13-42:29
148                <action android:name="androidx.profileinstaller.action.INSTALL_PROFILE" />
148-->[androidx.profileinstaller:profileinstaller:1.3.0] AndroidManifest.xml:41:17-91
148-->[androidx.profileinstaller:profileinstaller:1.3.0] AndroidManifest.xml:41:25-88
149            </intent-filter>
150            <intent-filter>
150-->[androidx.profileinstaller:profileinstaller:1.3.0] AndroidManifest.xml:43:13-45:29
151                <action android:name="androidx.profileinstaller.action.SKIP_FILE" />
151-->[androidx.profileinstaller:profileinstaller:1.3.0] AndroidManifest.xml:44:17-85
151-->[androidx.profileinstaller:profileinstaller:1.3.0] AndroidManifest.xml:44:25-82
152            </intent-filter>
153            <intent-filter>
153-->[androidx.profileinstaller:profileinstaller:1.3.0] AndroidManifest.xml:46:13-48:29
154                <action android:name="androidx.profileinstaller.action.SAVE_PROFILE" />
154-->[androidx.profileinstaller:profileinstaller:1.3.0] AndroidManifest.xml:47:17-88
154-->[androidx.profileinstaller:profileinstaller:1.3.0] AndroidManifest.xml:47:25-85
155            </intent-filter>
156            <intent-filter>
156-->[androidx.profileinstaller:profileinstaller:1.3.0] AndroidManifest.xml:49:13-51:29
157                <action android:name="androidx.profileinstaller.action.BENCHMARK_OPERATION" />
157-->[androidx.profileinstaller:profileinstaller:1.3.0] AndroidManifest.xml:50:17-95
157-->[androidx.profileinstaller:profileinstaller:1.3.0] AndroidManifest.xml:50:25-92
158            </intent-filter>
159        </receiver>
160    </application>
161
162</manifest>